<?xml version="1.0" encoding="UTF-8"?>
<!-- Generated by org.testng.reporters.JUnitXMLReporter -->
<testsuite ignored="0" hostname="Swetlanas-Air" failures="1" tests="1" name="Regression" time="27.684" errors="0" timestamp="03 Jul 2018 13:02:45 GMT">
  <testcase classname="com.craftsvilla.testscripts.KundanJewelleryscripts" name="TC_01_buykundan" time="20.517">
    <failure type="java.lang.AssertionError" message="null">
      <![CDATA[java.lang.AssertionError: null
at com.craftsvilla.testscripts.KundanJewelleryscripts.TC_01_buykundan(KundanJewelleryscripts.java:33)
... Removed 27 stack frames]]>
    </failure>
  </testcase> <!-- TC_01_buykundan -->
</testsuite> <!-- Regression -->
