<?xml version="1.0" encoding="UTF-8"?>
<testng-results ignored="0" total="1" passed="0" failed="1" skipped="0">
  <reporter-output>
    <line>
      <![CDATA[[[ChromeDriver: chrome on MAC (95d0ef186a3f3579d6f51a44a62520cb)] -> xpath: //a[text()='ACCESSORIES ']]element found]]>
    </line>
    <line>
      <![CDATA[[[ChromeDriver: chrome on MAC (95d0ef186a3f3579d6f51a44a62520cb)] -> link text: Kundan Jewellery]element found]]>
    </line>
    <line>
      <![CDATA[[[ChromeDriver: chrome on MAC (95d0ef186a3f3579d6f51a44a62520cb)] -> xpath: //img[@src='https://img3.craftsvilla.com/image/upload/w_300,h_450,c_lfill,f_auto/C/V/CV-MSATY78408350090--Satyam_Jewellery_NX_-Craftsvilla_1.jpg']]element found]]>
    </line>
  </reporter-output>
  <suite started-at="2018-07-03T13:02:17Z" name="Craftsvilla" finished-at="2018-07-03T13:02:45Z" duration-ms="27684">
    <groups>
    </groups>
    <test started-at="2018-07-03T13:02:17Z" name="Regression" finished-at="2018-07-03T13:02:45Z" duration-ms="27684">
      <class name="com.craftsvilla.testscripts.KundanJewelleryscripts">
        <test-method is-config="true" signature="OpenApp()[pri:0, instance:com.craftsvilla.testscripts.KundanJewelleryscripts@4738a206]" started-at="2018-07-03T13:02:17Z" name="OpenApp" finished-at="2018-07-03T13:02:24Z" duration-ms="6629" status="PASS">
          <reporter-output>
          </reporter-output>
        </test-method> <!-- OpenApp -->
        <test-method signature="TC_01_buykundan()[pri:0, instance:com.craftsvilla.testscripts.KundanJewelleryscripts@4738a206]" started-at="2018-07-03T13:02:24Z" name="TC_01_buykundan" finished-at="2018-07-03T13:02:44Z" duration-ms="20517" status="FAIL">
          <exception class="java.lang.AssertionError">
            <message>
              <![CDATA[null]]>
            </message>
            <full-stacktrace>
              <![CDATA[java.lang.AssertionError: null
at org.testng.Assert.fail(Assert.java:96)
at org.testng.Assert.fail(Assert.java:103)
at com.craftsvilla.testscripts.KundanJewelleryscripts.TC_01_buykundan(KundanJewelleryscripts.java:33)
at java.base/jdk.internal.reflect.NativeMethodAccessorImpl.invoke0(Native Method)
at java.base/jdk.internal.reflect.NativeMethodAccessorImpl.invoke(NativeMethodAccessorImpl.java:62)
at java.base/jdk.internal.reflect.DelegatingMethodAccessorImpl.invoke(DelegatingMethodAccessorImpl.java:43)
at java.base/java.lang.reflect.Method.invoke(Method.java:564)
at org.testng.internal.MethodInvocationHelper.invokeMethod(MethodInvocationHelper.java:124)
at org.testng.internal.Invoker.invokeMethod(Invoker.java:580)
at org.testng.internal.Invoker.invokeTestMethod(Invoker.java:716)
at org.testng.internal.Invoker.invokeTestMethods(Invoker.java:988)
at org.testng.internal.TestMethodWorker.invokeTestMethods(TestMethodWorker.java:125)
at org.testng.internal.TestMethodWorker.run(TestMethodWorker.java:109)
at org.testng.TestRunner.privateRun(TestRunner.java:648)
at org.testng.TestRunner.run(TestRunner.java:505)
at org.testng.SuiteRunner.runTest(SuiteRunner.java:455)
at org.testng.SuiteRunner.runSequentially(SuiteRunner.java:450)
at org.testng.SuiteRunner.privateRun(SuiteRunner.java:415)
at org.testng.SuiteRunner.run(SuiteRunner.java:364)
at org.testng.SuiteRunnerWorker.runSuite(SuiteRunnerWorker.java:52)
at org.testng.SuiteRunnerWorker.run(SuiteRunnerWorker.java:84)
at org.testng.TestNG.runSuitesSequentially(TestNG.java:1208)
at org.testng.TestNG.runSuitesLocally(TestNG.java:1137)
at org.testng.TestNG.runSuites(TestNG.java:1049)
at org.testng.TestNG.run(TestNG.java:1017)
at org.testng.remote.AbstractRemoteTestNG.run(AbstractRemoteTestNG.java:114)
at org.testng.remote.RemoteTestNG.initAndRun(RemoteTestNG.java:251)
at org.testng.remote.RemoteTestNG.main(RemoteTestNG.java:77)
]]>
            </full-stacktrace>
          </exception> <!-- java.lang.AssertionError -->
          <reporter-output>
            <line>
              <![CDATA[[[ChromeDriver: chrome on MAC (95d0ef186a3f3579d6f51a44a62520cb)] -> xpath: //a[text()='ACCESSORIES ']]element found]]>
            </line>
            <line>
              <![CDATA[[[ChromeDriver: chrome on MAC (95d0ef186a3f3579d6f51a44a62520cb)] -> link text: Kundan Jewellery]element found]]>
            </line>
            <line>
              <![CDATA[[[ChromeDriver: chrome on MAC (95d0ef186a3f3579d6f51a44a62520cb)] -> xpath: //img[@src='https://img3.craftsvilla.com/image/upload/w_300,h_450,c_lfill,f_auto/C/V/CV-MSATY78408350090--Satyam_Jewellery_NX_-Craftsvilla_1.jpg']]element found]]>
            </line>
          </reporter-output>
        </test-method> <!-- TC_01_buykundan -->
        <test-method is-config="true" signature="CloseApp()[pri:0, instance:com.craftsvilla.testscripts.KundanJewelleryscripts@4738a206]" started-at="2018-07-03T13:02:45Z" name="CloseApp" finished-at="2018-07-03T13:02:45Z" duration-ms="103" status="PASS">
          <reporter-output>
          </reporter-output>
        </test-method> <!-- CloseApp -->
      </class> <!-- com.craftsvilla.testscripts.KundanJewelleryscripts -->
    </test> <!-- Regression -->
  </suite> <!-- Craftsvilla -->
</testng-results>
